Log file open, 11/27/18 14:38:51
LogWindows: Failed to load 'aqProf.dll' (GetLastError=126)
LogWindows: File 'aqProf.dll' does not exist
LogWindows: Failed to load 'VtuneApi.dll' (GetLastError=126)
LogWindows: File 'VtuneApi.dll' does not exist
LogWindows: Failed to load 'VtuneApi32e.dll' (GetLastError=126)
LogWindows: File 'VtuneApi32e.dll' does not exist
LogInit: Display: Running engine for game: EmpathyProject
LogPlatformFile: Not using cached read wrapper
LogTaskGraph: Started task graph with 5 named threads and 23 total threads with 3 sets of task threads.
LogStats: Stats thread started at 0.294973
LogD3D11RHI: Loaded GFSDK_Aftermath_Lib.x64.dll
LogICUInternationalization: Display: ICU TimeZone Detection - Raw Offset: -5:00, Platform Override: ''
LogPluginManager: Mounting plugin Paper2D
LogPluginManager: Mounting plugin AISupport
LogPluginManager: Mounting plugin LightPropagationVolume
LogPluginManager: Mounting plugin CLionSourceCodeAccess
LogPluginManager: Mounting plugin CodeLiteSourceCodeAccess
LogPluginManager: Mounting plugin GitSourceControl
LogPluginManager: Mounting plugin KDevelopSourceCodeAccess
LogPluginManager: Mounting plugin NullSourceCodeAccess
LogPluginManager: Mounting plugin PerforceSourceControl
LogPluginManager: Mounting plugin SubversionSourceControl
LogPluginManager: Mounting plugin UObjectPlugin
LogPluginManager: Mounting plugin VisualStudioCodeSourceCodeAccess
LogPluginManager: Mounting plugin VisualStudioSourceCodeAccess
LogPluginManager: Mounting plugin XCodeSourceCodeAccess
LogPluginManager: Mounting plugin AssetManagerEditor
LogPluginManager: Mounting plugin CryptoKeys
LogPluginManager: Mounting plugin DataValidation
LogPluginManager: Mounting plugin EditorScriptingUtilities
LogPluginManager: Mounting plugin FacialAnimation
LogPluginManager: Mounting plugin GameplayTagsEditor
LogPluginManager: Mounting plugin MacGraphicsSwitching
LogPluginManager: Mounting plugin MeshEditor
LogPluginManager: Mounting plugin MobileLauncherProfileWizard
LogPluginManager: Mounting plugin PluginBrowser
LogPluginManager: Mounting plugin SpeedTreeImporter
LogPluginManager: Mounting plugin DatasmithContent
LogPluginManager: Mounting plugin AlembicImporter
LogPluginManager: Mounting plugin AppleImageUtils
LogPluginManager: Mounting plugin AppleVision
LogPluginManager: Mounting plugin BackChannel
LogPluginManager: Mounting plugin CharacterAI
LogPluginManager: Mounting plugin GeometryCache
LogPluginManager: Mounting plugin HTML5Networking
LogPluginManager: Mounting plugin ProxyLODPlugin
LogPluginManager: Mounting plugin MagicLeap
LogPluginManager: Mounting plugin MagicLeapEmulator
LogPluginManager: Mounting plugin MagicLeapMedia
LogPluginManager: Mounting plugin AndroidMedia
LogPluginManager: Mounting plugin AvfMedia
LogPluginManager: Mounting plugin ImgMedia
LogPluginManager: Mounting plugin LinearTimecode
LogPluginManager: Mounting plugin MediaCompositing
LogPluginManager: Mounting plugin MediaPlayerEditor
LogPluginManager: Mounting plugin WmfMedia
LogPluginManager: Mounting plugin TcpMessaging
LogPluginManager: Mounting plugin UdpMessaging
LogPluginManager: Mounting plugin ActorSequence
LogPluginManager: Mounting plugin LevelSequenceEditor
LogPluginManager: Mounting plugin MatineeToLevelSequence
LogPluginManager: Mounting plugin NetcodeUnitTest
LogPluginManager: Mounting plugin NUTUnrealEngine4
LogPluginManager: Mounting plugin OnlineSubsystemGooglePlay
LogPluginManager: Mounting plugin OnlineSubsystemIOS
LogPluginManager: Mounting plugin OnlineSubsystem
LogPluginManager: Mounting plugin OnlineSubsystemNull
LogPluginManager: Mounting plugin OnlineSubsystemUtils
LogPluginManager: Mounting plugin LauncherChunkInstaller
LogPluginManager: Mounting plugin AndroidDeviceProfileSelector
LogPluginManager: Mounting plugin AndroidMoviePlayer
LogPluginManager: Mounting plugin AndroidPermission
LogPluginManager: Mounting plugin AppleMoviePlayer
LogPluginManager: Mounting plugin ArchVisCharacter
LogPluginManager: Mounting plugin AudioCapture
LogPluginManager: Mounting plugin CableComponent
LogPluginManager: Mounting plugin CustomMeshComponent
LogPluginManager: Mounting plugin EditableMesh
LogPluginManager: Mounting plugin ExampleDeviceProfileSelector
LogPluginManager: Mounting plugin GoogleCloudMessaging
LogPluginManager: Mounting plugin ImmediatePhysics
LogPluginManager: Mounting plugin IOSDeviceProfileSelector
LogPluginManager: Mounting plugin LinuxDeviceProfileSelector
LogPluginManager: Mounting plugin LocationServicesBPLibrary
LogPluginManager: Mounting plugin MobilePatchingUtils
LogPluginManager: Mounting plugin OculusVR
LogPluginManager: Plugin shader directory ../../../Engine/Plugins/Runtime/Oculus/OculusVR/Shaders found
LogPluginManager: Mapping shader source directory ../../../Engine/Plugins/Runtime/Oculus/OculusVR/Shaders to virtual directory /Plugin/OculusVR
LogPluginManager: Mounting plugin PhysXVehicles
LogPluginManager: Mounting plugin ProceduralMeshComponent
LogPluginManager: Mounting plugin RuntimePhysXCooking
LogPluginManager: Mounting plugin SteamVR
LogPluginManager: Mounting plugin WindowsMoviePlayer
LogPluginManager: Mounting plugin DatasmithCADImporter
LogPluginManager: Mounting plugin DatasmithFBXImporter
LogPluginManager: Mounting plugin DatasmithImporter
LogPluginManager: Mounting plugin DatasmithMDLImporter
LogPluginManager: Mounting plugin StaticMeshEditorExtension
LogStreaming: Display: Took  0.134s to configure plugins.
LogInit: Using libcurl 7.55.1-DEV
LogInit:  - built for x86_64-pc-win32
LogInit:  - supports SSL with OpenSSL/1.0.2h
LogInit:  - supports HTTP deflate (compression) using libz 1.2.8
LogInit:  - other features:
LogInit:      CURL_VERSION_SSL
LogInit:      CURL_VERSION_LIBZ
LogInit:      CURL_VERSION_IPV6
LogInit:      CURL_VERSION_ASYNCHDNS
LogInit:      CURL_VERSION_LARGEFILE
LogInit:      CURL_VERSION_IDN
LogInit:  CurlRequestOptions (configurable via config and command line):
LogInit:  - bVerifyPeer = false  - Libcurl will NOT verify peer certificate
LogInit:  - bUseHttpProxy = false  - Libcurl will NOT use HTTP proxy
LogInit:  - bDontReuseConnections = false  - Libcurl will reuse connections
LogInit:  - CertBundlePath = nullptr  - Libcurl will use whatever was configured at build time.
LogInit:  - MaxHostConnections = 16  - Libcurl will limit the number of connections to a host
LogInit:  - LocalHostAddr = Default
LogInit:  - BufferSize = 65536
LogInit: WinSock: version 1.1 (2.2), MaxSocks=32767, MaxUdp=65467
LogInit: Build: ++UE4+Release-4.20-CL-4369336
LogInit: Engine Version: 4.20.3-4369336+++UE4+Release-4.20
LogInit: Compatible Engine Version: 4.20.0-4212847+++UE4+Release-4.20
LogInit: Net CL: 4212847
LogInit: OS: Windows 7 (Service Pack 1), CPU:       Intel(R) Core(TM) i7-3610QM CPU @ 2.30GHz, GPU: Intel(R) HD Graphics 4000
LogInit: Compiled (64-bit): Sep 17 2018 12:26:19
LogInit: Compiled with Visual C++: 19.13.26129.00
LogInit: Build Configuration: Development
LogInit: Branch Name: ++UE4+Release-4.20
LogInit: Command Line: 
LogInit: Base Directory: C:/Program Files/Epic Games/UE_4.20/Engine/Binaries/Win64/
LogInit: Installed Engine Build: 1
LogDevObjectVersion: Number of dev versions registered: 20
LogDevObjectVersion:   Dev-Blueprints (B0D832E4-1F89-4F0D-ACCF-7EB736FD4AA2): 10
LogDevObjectVersion:   Dev-Build (E1C64328-A22C-4D53-A36C-8E866417BD8C): 0
LogDevObjectVersion:   Dev-Core (375EC13C-06E4-48FB-B500-84F0262A717E): 2
LogDevObjectVersion:   Dev-Editor (E4B068ED-F494-42E9-A231-DA0B2E46BB41): 24
LogDevObjectVersion:   Dev-Framework (CFFC743F-43B0-4480-9391-14DF171D2073): 34
LogDevObjectVersion:   Dev-Mobile (B02B49B5-BB20-44E9-A304-32B752E40360): 2
LogDevObjectVersion:   Dev-Networking (A4E4105C-59A1-49B5-A7C5-40C4547EDFEE): 0
LogDevObjectVersion:   Dev-Online (39C831C9-5AE6-47DC-9A44-9C173E1C8E7C): 0
LogDevObjectVersion:   Dev-Physics (78F01B33-EBEA-4F98-B9B4-84EACCB95AA2): 0
LogDevObjectVersion:   Dev-Platform (6631380F-2D4D-43E0-8009-CF276956A95A): 0
LogDevObjectVersion:   Dev-Rendering (12F88B9F-8875-4AFC-A67C-D90C383ABD29): 26
LogDevObjectVersion:   Dev-Sequencer (7B5AE74C-D270-4C10-A958-57980B212A5A): 9
LogDevObjectVersion:   Dev-VR (D7296918-1DD6-4BDD-9DE2-64A83CC13884): 2
LogDevObjectVersion:   Dev-LoadTimes (C2A15278-BFE7-4AFE-6C17-90FF531DF755): 1
LogDevObjectVersion:   Private-Geometry (6EACA3D4-40EC-4CC1-B786-8BED09428FC5): 3
LogDevObjectVersion:   Dev-AnimPhys (29E575DD-E0A3-4627-9D10-D276232CDCEA): 17
LogDevObjectVersion:   Dev-ReflectionCapture (6B266CEC-1EC7-4B8F-A30B-E4D90942FC07): 1
LogDevObjectVersion:   Dev-Automation (0DF73D61-A23F-47EA-B727-89E90C41499A): 1
LogDevObjectVersion:   FortniteMain (601D1886-AC64-4F84-AA16-D3DE0DEAC7D6): 12
LogDevObjectVersion:   Dev-Enterprise (9DFFBCD6-494F-0158-E221-12823C92A888): 1
LogStreaming: Display: Took  0.000s to delete old logs.
LogInit: Presizing for max 8388607 objects, including 0 objects not considered by GC, pre-allocating 0 bytes for permanent pool.
LogInit: Object subsystem initialized
[2018.11.27-19.38.55:171][  0]LogInit: Selected Device Profile: [Windows]
[2018.11.27-19.38.55:171][  0]LogInit: Applying CVar settings loaded from the selected device profile: [Windows]
[2018.11.27-19.38.55:182][  0]LogHAL: Display: Platform has ~ 16 GB [17077481472 / 17179869184 / 16], which maps to Larger [LargestMinGB=32, LargerMinGB=12, DefaultMinGB=8, SmallerMinGB=6, SmallestMinGB=0)
[2018.11.27-19.38.55:182][  0]LogInit: Setting Device Profile CVar: [[r.Vulkan.UseRealUBs:1]]
[2018.11.27-19.38.55:182][  0]LogInit: Going up to parent DeviceProfile []
[2018.11.27-19.38.55:182][  0]LogInit: Computer: ONWUAAY580
[2018.11.27-19.38.55:182][  0]LogInit: User: onwuaa
[2018.11.27-19.38.55:182][  0]LogInit: CPU Page size=4096, Cores=4
[2018.11.27-19.38.55:182][  0]LogInit: High frequency timer resolution =2.241083 MHz
[2018.11.27-19.38.55:183][  0]LogMemory: Memory total: Physical=15.9GB (16GB approx)
[2018.11.27-19.38.55:183][  0]LogMemory: Platform Memory Stats for Windows
[2018.11.27-19.38.55:183][  0]LogMemory: Process Physical Memory: 103.98 MB used, 103.98 MB peak
[2018.11.27-19.38.55:183][  0]LogMemory: Process Virtual Memory: 93.56 MB used, 93.56 MB peak
[2018.11.27-19.38.55:183][  0]LogMemory: Physical Memory: 8889.02 MB used,  7397.34 MB free, 16286.36 MB total
[2018.11.27-19.38.55:183][  0]LogMemory: Virtual Memory: 498.83 MB used,  7397.34 MB free, 8388608.00 MB total
[2018.11.27-19.38.55:218][  0]LogInit: Using OS detected language (en-US).
[2018.11.27-19.38.55:218][  0]LogInit: Using OS detected locale (en-US).
[2018.11.27-19.38.55:219][  0]LogTextLocalizationManager: No specific localization for 'en-US' exists, so the 'en' localization will be used.
[2018.11.27-19.38.55:790][  0]LogStreaming: Display: Took  0.572s to InitEngineTextLocalization.
[2018.11.27-19.38.55:792][  0]LogWindows: Failed to load 'shcore.dll' (GetLastError=126)
[2018.11.27-19.38.55:792][  0]LogWindows: File 'shcore.dll' does not exist
[2018.11.27-19.38.55:792][  0]LogInit: Setting process to DPI aware
[2018.11.27-19.38.55:824][  0]LogSlate: New Slate User Created.  User Index 0, Is Virtual User: 0
[2018.11.27-19.38.55:824][  0]LogSlate: Slate User Registered.  User Index 0, Is Virtual User: 0
[2018.11.27-19.38.56:061][  0]LogHMD: Failed to initialize OpenVR with code 110
[2018.11.27-19.38.56:061][  0]LogD3D11RHI: D3D11 adapters:
[2018.11.27-19.38.56:102][  0]LogD3D11RHI:    0. 'NVIDIA GeForce GTX 660M' (Feature Level 11_0)
[2018.11.27-19.38.56:102][  0]LogD3D11RHI:       1990/0/2048 MB DedicatedVideo/DedicatedSystem/SharedSystem, Outputs:1, VendorId:0x10de
[2018.11.27-19.38.56:122][  0]LogD3D11RHI:    1. 'NVIDIA GeForce GTX 660M' (Feature Level 11_0)
[2018.11.27-19.38.56:122][  0]LogD3D11RHI:       1990/0/2048 MB DedicatedVideo/DedicatedSystem/SharedSystem, Outputs:0, VendorId:0x10de
[2018.11.27-19.38.56:122][  0]LogD3D11RHI: Chosen D3D11 Adapter: 0
[2018.11.27-19.38.56:132][  0]LogD3D11RHI: Creating new Direct3DDevice
[2018.11.27-19.38.56:132][  0]LogD3D11RHI:     GPU DeviceId: 0xfd4 (for the marketing name, search the web for "GPU Device Id")
[2018.11.27-19.38.56:132][  0]LogWindows: EnumDisplayDevices:
[2018.11.27-19.38.56:132][  0]LogWindows:    0. 'Intel(R) HD Graphics 4000' (P:1 D:1)
[2018.11.27-19.38.56:132][  0]LogWindows:    1. 'Intel(R) HD Graphics 4000' (P:0 D:0)
[2018.11.27-19.38.56:133][  0]LogWindows:    2. 'Intel(R) HD Graphics 4000' (P:0 D:0)
[2018.11.27-19.38.56:133][  0]LogWindows:    3. 'NVIDIA GeForce GTX 660M' (P:0 D:0)
[2018.11.27-19.38.56:133][  0]LogWindows:    4. 'RDPDD Chained DD' (P:0 D:0)
[2018.11.27-19.38.56:134][  0]LogWindows:    5. 'RDP Encoder Mirror Driver' (P:0 D:0)
[2018.11.27-19.38.56:134][  0]LogWindows:    6. 'RDP Reflector Display Driver' (P:0 D:0)
[2018.11.27-19.38.56:134][  0]LogWindows: DebugString: PrimaryIsNotTheChoosenAdapter PrimaryIsNotTheChoosenAdapter PrimaryIsNotTheChoosenAdapter GetVideoDriverDetailsInvalid PrimaryIsNotTheChoosenAdapter GetVideoDriverDetailsInvalid PrimaryIsNotTheChoosenAdapter GetVideoDriverDetailsInvalid PrimaryIsNotTheChoosenAdapter 
[2018.11.27-19.38.56:134][  0]LogD3D11RHI:     Adapter Name: NVIDIA GeForce GTX 660M
[2018.11.27-19.38.56:134][  0]LogD3D11RHI:   Driver Version: 355.82 (internal:10.18.13.5582, unified:355.82)
[2018.11.27-19.38.56:134][  0]LogD3D11RHI:      Driver Date: 8-25-2015
[2018.11.27-19.38.56:134][  0]LogRHI: Texture pool is 1393 MB (70% of 1990 MB)
[2018.11.27-19.38.56:160][  0]LogD3D11RHI: NvAPI_D3D_GetCurrentSLIState failed: 0xfffffff7
[2018.11.27-19.38.56:160][  0]LogD3D11RHI: Async texture creation enabled
[2018.11.27-19.38.56:181][  0]LogD3D11RHI: GPU Timing Frequency: 1000.000000 (Debug: 2 2)
[2018.11.27-19.38.56:182][  0]LogShaderCompilers: Guid format shader working directory is -41 characters bigger than the processId version (../../../../../../Users/onwuaa/Documents/RPI/Game Development I/Project 4/EmpathyProject/Intermediate/Shaders/WorkingDirectory/4740/).
[2018.11.27-19.38.56:182][  0]LogShaderCompilers: Cleaned the shader compiler working directory 'C:/Users/onwuaa/AppData/Local/Temp/UnrealShaderWorkingDir/A30F5A584FF0E68A4E646CAFCAEDEBFB/'.
[2018.11.27-19.38.56:563][  0]LogTemp: Display: Loaded TP AllDesktopTargetPlatform
[2018.11.27-19.38.56:584][  0]LogTemp: Display: Loaded TP MacClientTargetPlatform
[2018.11.27-19.38.56:605][  0]LogTemp: Display: Loaded TP MacNoEditorTargetPlatform
[2018.11.27-19.38.56:626][  0]LogTemp: Display: Loaded TP MacServerTargetPlatform
[2018.11.27-19.38.56:647][  0]LogTemp: Display: Loaded TP MacTargetPlatform
[2018.11.27-19.38.56:669][  0]LogTemp: Display: Loaded TP WindowsClientTargetPlatform
[2018.11.27-19.38.56:690][  0]LogTemp: Display: Loaded TP WindowsNoEditorTargetPlatform
[2018.11.27-19.38.56:710][  0]LogTemp: Display: Loaded TP WindowsServerTargetPlatform
[2018.11.27-19.38.56:720][  0]LogTemp: Display: Loaded TP WindowsTargetPlatform
[2018.11.27-19.38.56:850][  0]LogTemp: Display: Loaded TP AndroidTargetPlatform
[2018.11.27-19.38.56:850][  0]LogTemp: Display: Loaded TP AndroidTargetPlatform
[2018.11.27-19.38.56:850][  0]LogTemp: Display: Loaded TP AndroidTargetPlatform
[2018.11.27-19.38.56:850][  0]LogTemp: Display: Loaded TP AndroidTargetPlatform
[2018.11.27-19.38.56:850][  0]LogTemp: Display: Loaded TP AndroidTargetPlatform
[2018.11.27-19.38.56:850][  0]LogTemp: Display: Loaded TP AndroidTargetPlatform
[2018.11.27-19.38.56:850][  0]LogTemp: Display: Loaded TP AndroidTargetPlatform
[2018.11.27-19.38.56:850][  0]LogTemp: Display: Loaded TP AndroidTargetPlatform
[2018.11.27-19.38.56:850][  0]LogTemp: Display: Loaded TP AndroidTargetPlatform
[2018.11.27-19.38.56:850][  0]LogTemp: Display: Loaded TP AndroidTargetPlatform
[2018.11.27-19.38.56:850][  0]LogTemp: Display: Loaded TP AndroidTargetPlatform
[2018.11.27-19.38.56:850][  0]LogTemp: Display: Loaded TP AndroidTargetPlatform
[2018.11.27-19.38.56:850][  0]LogTemp: Display: Loaded TP AndroidTargetPlatform
[2018.11.27-19.38.56:850][  0]LogTemp: Display: Loaded TP AndroidTargetPlatform
[2018.11.27-19.38.56:850][  0]LogTemp: Display: Loaded TP AndroidTargetPlatform
[2018.11.27-19.38.56:850][  0]LogTemp: Display: Loaded TP AndroidTargetPlatform
[2018.11.27-19.38.56:850][  0]LogTemp: Display: Loaded TP AndroidTargetPlatform
[2018.11.27-19.38.56:851][  0]LogTemp: Display: Loaded TP AndroidTargetPlatform
[2018.11.27-19.38.56:852][  0]LogTemp: Display: Loaded TP HTML5TargetPlatform
[2018.11.27-19.38.56:926][  0]LogTemp: Display: Loaded TP IOSTargetPlatform
[2018.11.27-19.38.56:926][  0]LogTemp: Display: Loaded TP IOSTargetPlatform
[2018.11.27-19.38.56:967][  0]LogTemp: Display: Loaded TP TVOSTargetPlatform
[2018.11.27-19.38.56:967][  0]LogTemp: Display: Loaded TP TVOSTargetPlatform
[2018.11.27-19.38.56:988][  0]LogTemp: Display: Loaded TP LinuxClientTargetPlatform
[2018.11.27-19.38.57:009][  0]LogTemp: Display: Loaded TP LinuxNoEditorTargetPlatform
[2018.11.27-19.38.57:030][  0]LogTemp: Display: Loaded TP LinuxServerTargetPlatform
[2018.11.27-19.38.57:052][  0]LogTemp: Display: Loaded TP LinuxTargetPlatform
[2018.11.27-19.38.57:067][  0]LogTemp: Display: Loaded TP LuminTargetPlatform
[2018.11.27-19.38.57:067][  0]LogTargetPlatformManager: Display: Building Assets For Windows
[2018.11.27-19.38.57:133][  0]LogXGEController: Cannot use XGE Controller as Incredibuild is not installed on this machine.
[2018.11.27-19.38.57:133][  0]LogShaderCompilers: Cannot use XGE Shader Compiler as Incredibuild is not installed on this machine.
[2018.11.27-19.38.57:133][  0]LogShaderCompilers: Display: Using Local Shader Compiler.
[2018.11.27-19.38.58:351][  0]LogDerivedDataCache: Display: Max Cache Size: 512 MB
[2018.11.27-19.38.58:453][  0]LogDerivedDataCache: Loaded boot cache 0.10s 72MB C:/Users/onwuaa/AppData/Local/UnrealEngine/4.20/DerivedDataCache/Boot.ddc.
[2018.11.27-19.38.58:454][  0]LogDerivedDataCache: Display: Loaded Boot cache: C:/Users/onwuaa/AppData/Local/UnrealEngine/4.20/DerivedDataCache/Boot.ddc
[2018.11.27-19.38.58:454][  0]LogDerivedDataCache: FDerivedDataBackendGraph:  Pak pak cache file ../../../../../../Users/onwuaa/Documents/RPI/Game Development I/Project 4/EmpathyProject/DerivedDataCache/DDC.ddp not found, will not use a pak cache.
[2018.11.27-19.38.58:454][  0]LogDerivedDataCache: Unable to find inner node Pak for hierarchical cache Hierarchy.
[2018.11.27-19.38.58:454][  0]LogDerivedDataCache: FDerivedDataBackendGraph:  CompressedPak pak cache file ../../../../../../Users/onwuaa/Documents/RPI/Game Development I/Project 4/EmpathyProject/DerivedDataCache/Compressed.ddp not found, will not use a pak cache.
[2018.11.27-19.38.58:454][  0]LogDerivedDataCache: Unable to find inner node CompressedPak for hierarchical cache Hierarchy.
[2018.11.27-19.38.58:474][  0]LogDerivedDataCache: Display: Pak cache opened for reading ../../../Engine/DerivedDataCache/Compressed.ddp.
[2018.11.27-19.38.58:485][  0]LogDerivedDataCache: Using Local data cache path C:/Users/onwuaa/AppData/Local/UnrealEngine/Common/DerivedDataCache: Writable
[2018.11.27-19.38.58:485][  0]LogDerivedDataCache: Shared data cache path not found in *engine.ini, will not use an Shared cache.
[2018.11.27-19.38.58:485][  0]LogDerivedDataCache: Unable to find inner node Shared for hierarchical cache Hierarchy.
[2018.11.27-19.38.58:516][  0]LogMaterial: Verifying Global Shaders for PCD3D_SM5
[2018.11.27-19.38.58:519][  0]LogSlate: Using FreeType 2.6.0
[2018.11.27-19.38.58:519][  0]LogSlate: SlateFontServices - WITH_FREETYPE: 1, WITH_HARFBUZZ: 1
[2018.11.27-19.38.58:614][  0]LogAssetRegistry: FAssetRegistry took 0.0268 seconds to start up
[2018.11.27-19.38.59:197][  0]LogInit: Selected Device Profile: [Windows]
[2018.11.27-19.38.59:406][  0]LogSimplygon: Simplygon DLL not present - disabling.
[2018.11.27-19.38.59:410][  0]LogMeshReduction: Using SimplygonSwarm for distributed automatic mesh merging
[2018.11.27-19.38.59:410][  0]LogMeshReduction: Using ProxyLODMeshReduction for automatic mesh merging
[2018.11.27-19.38.59:410][  0]LogMeshReduction: Using QuadricMeshReduction for automatic static mesh reduction
[2018.11.27-19.38.59:410][  0]LogMeshReduction: No automatic skeletal mesh reduction module available
[2018.11.27-19.38.59:431][  0]LogNetVersion: EmpathyProject 1.0.0, NetCL: 4212847, EngineNetVer: 5, GameNetVer: 0 (Checksum: 1043323205)
[2018.11.27-19.39.00:378][  0]LogPackageLocalizationCache: Processed 13 localized package path(s) for 2 prioritized culture(s) in 0.305291 seconds
[2018.11.27-19.39.00:387][  0]LogUObjectArray: 38425 objects as part of root set at end of initial load.
[2018.11.27-19.39.00:387][  0]LogUObjectAllocator: 6690872 out of 0 bytes used by permanent object pool.
[2018.11.27-19.39.00:387][  0]LogUObjectArray: CloseDisregardForGC: 0/0 objects in disregard for GC pool
[2018.11.27-19.39.01:547][  0]LogTcpMessaging: Initializing TcpMessaging bridge
[2018.11.27-19.39.01:573][  0]LogUdpMessaging: Initializing bridge on interface 0.0.0.0:0 to multicast group 230.0.0.1:6666.
[2018.11.27-19.39.01:745][  0]SourceControl: Source control is disabled
[2018.11.27-19.39.01:745][  0]SourceControl: Source control is disabled
[2018.11.27-19.39.01:747][  0]SourceControl: Source control is disabled
[2018.11.27-19.39.01:748][  0]SourceControl: Source control is disabled
[2018.11.27-19.39.01:935][  0]LogAndroidPermission: UAndroidPermissionCallbackProxy::GetInstance
[2018.11.27-19.39.01:995][  0]LogOcInput: OculusInput pre-init called
[2018.11.27-19.39.04:578][  0]LogEngine: Initializing Engine...
[2018.11.27-19.39.04:579][  0]LogHMD: Failed to initialize OpenVR with code 110
[2018.11.27-19.39.04:581][  0]LogStats: UGameplayTagsManager::ConstructGameplayTagTree: ImportINI prefixes -  0.000 s
[2018.11.27-19.39.04:581][  0]LogStats: UGameplayTagsManager::ConstructGameplayTagTree: Construct from data asset -  0.000 s
[2018.11.27-19.39.04:581][  0]LogStats: UGameplayTagsManager::ConstructGameplayTagTree: ImportINI -  0.000 s
[2018.11.27-19.39.04:581][  0]LogStats: UGameplayTagsManager::ConstructGameplayTagTree: GameplayTagTreeChangedEvent.Broadcast -  0.000 s
[2018.11.27-19.39.04:911][  0]LogInit: Initializing FReadOnlyCVARCache
[2018.11.27-19.39.04:924][  0]LogAIModule: Creating AISystem for world Untitled
[2018.11.27-19.39.04:943][  0]LogInit: XAudio2 using 'Speakers (Realtek High Definition Audio)' : 2 channels at 48 kHz using 32 bits per sample (channel mask 0x3)
[2018.11.27-19.39.04:986][  0]LogInit: FAudioDevice initialized.
[2018.11.27-19.39.04:986][  0]LogNetVersion: Set ProjectVersion to 1.0.0.0. Version Checksum will be recalculated on next use.
[2018.11.27-19.39.05:587][  0]LogDerivedDataCache: Saved boot cache 0.60s 72MB C:/Users/onwuaa/AppData/Local/UnrealEngine/4.20/DerivedDataCache/Boot.ddc.
[2018.11.27-19.39.05:590][  0]LogInit: Texture streaming: Enabled
[2018.11.27-19.39.05:610][  0]LogEngineSessionManager: EngineSessionManager initialized
[2018.11.27-19.39.05:620][  0]LogInit: Transaction tracking system initialized
[2018.11.27-19.39.05:644][  0]BlueprintLog: New page: Editor Load
[2018.11.27-19.39.05:808][  0]LocalizationService: Localization service is disabled
[2018.11.27-19.39.06:157][  0]LogCook: Display: Max memory allowance for cook 16384mb min free memory 0mb
[2018.11.27-19.39.06:157][  0]LogCook: Display: Mobile HDR setting 1
[2018.11.27-19.39.06:157][  0]LogGameplayTags: Display: UGameplayTagsManager::DoneAddingNativeTags. DelegateIsBound: 0
[2018.11.27-19.39.06:157][  0]LogStats: UGameplayTagsManager::ConstructGameplayTagTree: ImportINI prefixes -  0.000 s
[2018.11.27-19.39.06:157][  0]LogStats: UGameplayTagsManager::ConstructGameplayTagTree: Construct from data asset -  0.000 s
[2018.11.27-19.39.06:157][  0]LogStats: UGameplayTagsManager::ConstructGameplayTagTree: ImportINI -  0.000 s
[2018.11.27-19.39.06:157][  0]LogStats: UGameplayTagsManager::ConstructGameplayTagTree: GameplayTagTreeChangedEvent.Broadcast -  0.000 s
[2018.11.27-19.39.06:319][  0]LogFileCache: Scanning file cache for directory 'C:/Users/onwuaa/Documents/RPI/Game Development I/Project 4/EmpathyProject/Content/' took 0.01s
[2018.11.27-19.39.07:889][  0]SourceControl: Source control is disabled
[2018.11.27-19.39.07:890][  0]Cmd: MAP LOAD FILE="../../../../../../Users/onwuaa/Documents/RPI/Game Development I/Project 4/EmpathyProject/Content/FirstPersonBP/Maps/FirstPersonExampleMap.umap" TEMPLATE=0 SHOWPROGRESS=1 FEATURELEVEL=3
[2018.11.27-19.39.07:890][  0]LightingResults: New page: Lighting Build
[2018.11.27-19.39.07:893][  0]MapCheck: New page: Map Check
[2018.11.27-19.39.07:893][  0]LightingResults: New page: Lighting Build
[2018.11.27-19.39.08:748][  0]LogAIModule: Creating AISystem for world FirstPersonExampleMap
[2018.11.27-19.39.08:765][  0]LogEditorServer: Finished looking for orphan Actors (0.000 secs)
[2018.11.27-19.39.08:800][  0]Cmd: MAP CHECKDEP NOCLEARLOG
[2018.11.27-19.39.08:897][  0]MapCheck: Map check complete: 0 Error(s), 0 Warning(s), took 96.249ms to complete.
[2018.11.27-19.39.08:897][  0]LogFileHelpers: Loading map 'FirstPersonExampleMap' took 1.007
[2018.11.27-19.39.08:995][  0]LogSlate: Updating window title bar state: overlay mode, drag disabled, window buttons hidden, title bar hidden
[2018.11.27-19.39.09:006][  0]LogSlate: Updating window title bar state: overlay mode, drag disabled, window buttons hidden, title bar hidden
[2018.11.27-19.39.09:018][  0]LogSlate: Updating window title bar state: overlay mode, drag disabled, window buttons hidden, title bar hidden
[2018.11.27-19.39.09:029][  0]LogSlate: Updating window title bar state: overlay mode, drag disabled, window buttons hidden, title bar hidden
[2018.11.27-19.39.09:036][  0]LogCollectionManager: Loaded 0 collections in 0.001386 seconds
[2018.11.27-19.39.09:078][  0]LogFileCache: Scanning file cache for directory 'C:/Users/onwuaa/Documents/RPI/Game Development I/Project 4/EmpathyProject/Saved/Collections/' took 0.01s
[2018.11.27-19.39.09:078][  0]LogFileCache: Scanning file cache for directory 'C:/Users/onwuaa/Documents/RPI/Game Development I/Project 4/EmpathyProject/Content/Developers/onwuaa/Collections/' took 0.01s
[2018.11.27-19.39.09:078][  0]LogFileCache: Scanning file cache for directory 'C:/Users/onwuaa/Documents/RPI/Game Development I/Project 4/EmpathyProject/Content/Collections/' took 0.01s
[2018.11.27-19.39.09:078][  0]LogCollectionManager: Rebuilt the GUID cache for 0 collections in 0.000000 seconds
[2018.11.27-19.39.09:094][  0]LogContentBrowser: Native class hierarchy populated in 0.0151 seconds. Added 2621 classes and 629 folders.
[2018.11.27-19.39.09:101][  0]LogContentBrowser: Native class hierarchy updated for 'WidgetCarousel' in 0.0003 seconds. Added 0 classes and 0 folders.
[2018.11.27-19.39.09:148][  0]LogContentBrowser: Native class hierarchy updated for 'AddContentDialog' in 0.0004 seconds. Added 0 classes and 0 folders.
[2018.11.27-19.39.09:153][  0]LogContentBrowser: Native class hierarchy updated for 'SceneOutliner' in 0.0004 seconds. Added 1 classes and 2 folders.
[2018.11.27-19.39.09:173][  0]LogSlate: Took 0.000174 seconds to synchronously load lazily loaded font '../../../Engine/Content/Slate/Fonts/Roboto-Regular.ttf' (155K)
[2018.11.27-19.39.09:176][  0]LogSlate: Took 0.000141 seconds to synchronously load lazily loaded font '../../../Engine/Content/Slate/Fonts/Roboto-Bold.ttf' (160K)
[2018.11.27-19.39.09:188][  0]LogSlate: Took 0.000337 seconds to synchronously load lazily loaded font '../../../Engine/Content/Editor/Slate/Fonts/FontAwesome.ttf' (139K)
[2018.11.27-19.39.09:328][  0]LogRenderer: Reallocating scene render targets to support 1208x600 Format 10 NumSamples 1 (Frame:1).
[2018.11.27-19.39.09:596][  0]LogContentBrowser: Native class hierarchy updated for 'HierarchicalLODOutliner' in 0.0004 seconds. Added 0 classes and 0 folders.
[2018.11.27-19.39.09:596][  0]LogLoad: (Engine Initialization) Total time: 19.20 seconds
[2018.11.27-19.39.09:596][  0]LogLoad: (Engine Initialization) Total Blueprint compile time: 0.00 seconds
[2018.11.27-19.39.09:670][  0]LogContentStreaming: Texture pool size now 1000 MB
[2018.11.27-19.39.09:707][  0]LogSlate: Took 0.000194 seconds to synchronously load lazily loaded font '../../../Engine/Content/Slate/Fonts/Roboto-Light.ttf' (167K)
[2018.11.27-19.39.24:843][599]LogAssetRegistry: Asset discovery search completed in 26.2480 seconds
[2018.11.27-19.39.24:846][599]LogCollectionManager: Rebuilt the object cache for 0 collections in 0.000000 seconds (found 0 objects)
[2018.11.27-19.39.24:846][599]LogCollectionManager: Fixed up redirectors for 0 collections in 0.000084 seconds (updated 0 objects)
